#-----------------------------------------------------------
# Vivado v2017.4 (64-bit)
# SW Build 2086221 on Fri Dec 15 20:55:39 MST 2017
# IP Build 2085800 on Fri Dec 15 22:25:07 MST 2017
# Start of session at: Tue May 16 16:19:03 2023
# Process ID: 19344
# Current directory: C:/Users/IceLocke/CS214/CS214-Minisys-CPU/src
# Command line: vivado.exe -gui_launcher_event rodinguilauncherevent22432 C:\Users\IceLocke\CS214\CS214-Minisys-CPU\src\CS214-Minisys-CPU.xpr
# Log file: C:/Users/IceLocke/CS214/CS214-Minisys-CPU/src/vivado.log
# Journal file: C:/Users/IceLocke/CS214/CS214-Minisys-CPU/src\vivado.jou
#-----------------------------------------------------------
start_gui
open_project C:/Users/IceLocke/CS214/CS214-Minisys-CPU/src/CS214-Minisys-CPU.xpr
INFO: [Project 1-313] Project file moved from 'E:/Materials/Computer Orgnization/Project/CS214-Minisys-CPU' since last save.
Scanning sources...
Finished scanning sources
INFO: [IP_Flow 19-234] Refreshing IP repositories
INFO: [IP_Flow 19-1704] No user IP repositories specified
INFO: [IP_Flow 19-2313] Loaded Vivado IP repository 'D:/Xilinx/Vivado/2017.4/data/ip'.
update_compile_order -fileset sources_1
exit
INFO: [Common 17-206] Exiting Vivado at Tue May 16 16:20:50 2023...
